# JRE version: OpenJDK Runtime Environment (15.0.1+9) (build 15.0.1+9-18)
# Java VM: OpenJDK 64-Bit Server VM (15.0.1+9-18, mixed mode, tiered, compressed oops, g1 gc, windows-amd64)
GC Precious Log:
 CPUs: 8 total, 8 available
 Memory: 16260M
 Large Page Support: Disabled
 NUMA Support: Disabled
 Compressed Oops: Enabled (Zero based)
 Heap Region Size: 2M
 Heap Min Capacity: 8M
 Heap Initial Capacity: 256M
 Heap Max Capacity: 4066M
 Pre-touch: Disabled
 Parallel Workers: 8
 Concurrent Workers: 2
 Concurrent Refinement Workers: 8
 Periodic GC: Disabled
Heap:
 garbage-first heap   total 133120K, used 87161K [0x0000000701e00000, 0x0000000800000000)
  region size 2048K, 23 young (47104K), 3 survivors (6144K)
 Metaspace       used 85991K, capacity 86648K, committed 86860K, reserved 1124352K
  class space    used 10937K, capacity 11116K, committed 11136K, reserved 1048576K
GC Heap History (20 events):
Event: 12.579 GC heap before
{Heap before GC invocations=18 (full 0):
 garbage-first heap   total 159744K, used 110282K [0x0000000701e00000, 0x0000000800000000)
  region size 2048K, 46 young (94208K), 3 survivors (6144K)
 Metaspace       used 50971K, capacity 51442K, committed 51712K, reserved 1095680K
  class space    used 5912K, capacity 6054K, committed 6144K, reserved 1048576K
}
Event: 12.590 GC heap after
{Heap after GC invocations=19 (full 0):
 garbage-first heap   total 159744K, used 26271K [0x0000000701e00000, 0x0000000800000000)
  region size 2048K, 5 young (10240K), 5 survivors (10240K)
 Metaspace       used 50971K, capacity 51442K, committed 51712K, reserved 1095680K
  class space    used 5912K, capacity 6054K, committed 6144K, reserved 1048576K
}
Event: 14.352 GC heap before
{Heap before GC invocations=19 (full 0):
 garbage-first heap   total 159744K, used 110239K [0x0000000701e00000, 0x0000000800000000)
  region size 2048K, 46 young (94208K), 5 survivors (10240K)
 Metaspace       used 58827K, capacity 59300K, committed 59520K, reserved 1101824K
  class space    used 7084K, capacity 7242K, committed 7296K, reserved 1048576K
}
Event: 14.364 GC heap after
{Heap after GC invocations=20 (full 0):
 garbage-first heap   total 159744K, used 28501K [0x0000000701e00000, 0x0000000800000000)
  region size 2048K, 4 young (8192K), 4 survivors (8192K)
 Metaspace       used 58827K, capacity 59300K, committed 59520K, reserved 1101824K
  class space    used 7084K, capacity 7242K, committed 7296K, reserved 1048576K
}
Event: 14.479 GC heap before
{Heap before GC invocations=20 (full 0):
 garbage-first heap   total 159744K, used 36693K [0x0000000701e00000, 0x0000000800000000)
  region size 2048K, 9 young (18432K), 4 survivors (8192K)
 Metaspace       used 59652K, capacity 60100K, committed 60160K, reserved 1101824K
  class space    used 7265K, capacity 7402K, committed 7424K, reserved 1048576K
}
Event: 14.485 GC heap after
{Heap after GC invocations=21 (full 0):
 garbage-first heap   total 192512K, used 28382K [0x0000000701e00000, 0x0000000800000000)
  region size 2048K, 4 young (8192K), 4 survivors (8192K)
 Metaspace       used 59652K, capacity 60100K, committed 60160K, reserved 1101824K
  class space    used 7265K, capacity 7402K, committed 7424K, reserved 1048576K
}
Event: 15.202 GC heap before
{Heap before GC invocations=22 (full 0):
 garbage-first heap   total 110592K, used 85726K [0x0000000701e00000, 0x0000000800000000)
  region size 2048K, 32 young (65536K), 4 survivors (8192K)
 Metaspace       used 64367K, capacity 64808K, committed 64844K, reserved 1105920K
  class space    used 7919K, capacity 8051K, committed 8064K, reserved 1048576K
}
Event: 15.211 GC heap after
{Heap after GC invocations=23 (full 0):
 garbage-first heap   total 110592K, used 30490K [0x0000000701e00000, 0x0000000800000000)
  region size 2048K, 3 young (6144K), 3 survivors (6144K)
 Metaspace       used 64367K, capacity 64808K, committed 64844K, reserved 1105920K
  class space    used 7919K, capacity 8051K, committed 8064K, reserved 1048576K
}
Event: 16.090 GC heap before
{Heap before GC invocations=23 (full 0):
 garbage-first heap   total 110592K, used 87834K [0x0000000701e00000, 0x0000000800000000)
  region size 2048K, 31 young (63488K), 3 survivors (6144K)
 Metaspace       used 67376K, capacity 67845K, committed 68172K, reserved 1110016K
  class space    used 8334K, capacity 8484K, committed 8576K, reserved 1048576K
}
Event: 16.099 GC heap after
{Heap after GC invocations=24 (full 0):
 garbage-first heap   total 110592K, used 33244K [0x0000000701e00000, 0x0000000800000000)
  region size 2048K, 4 young (8192K), 4 survivors (8192K)
 Metaspace       used 67376K, capacity 67845K, committed 68172K, reserved 1110016K
  class space    used 8334K, capacity 8484K, committed 8576K, reserved 1048576K
}
Event: 16.915 GC heap before
{Heap before GC invocations=24 (full 0):
 garbage-first heap   total 110592K, used 86492K [0x0000000701e00000, 0x0000000800000000)
  region size 2048K, 30 young (61440K), 4 survivors (8192K)
 Metaspace       used 69952K, capacity 70484K, committed 70604K, reserved 1112064K
  class space    used 8708K, capacity 8873K, committed 8960K, reserved 1048576K
}
Event: 16.926 GC heap after
{Heap after GC invocations=25 (full 0):
 garbage-first heap   total 110592K, used 37068K [0x0000000701e00000, 0x0000000800000000)
  region size 2048K, 4 young (8192K), 4 survivors (8192K)
 Metaspace       used 69952K, capacity 70484K, committed 70604K, reserved 1112064K
  class space    used 8708K, capacity 8873K, committed 8960K, reserved 1048576K
}
Event: 17.808 GC heap before
{Heap before GC invocations=25 (full 0):
 garbage-first heap   total 110592K, used 88268K [0x0000000701e00000, 0x0000000800000000)
  region size 2048K, 29 young (59392K), 4 survivors (8192K)
 Metaspace       used 73049K, capacity 73578K, committed 73804K, reserved 1114112K
  class space    used 9103K, capacity 9261K, committed 9344K, reserved 1048576K
}
Event: 17.819 GC heap after
{Heap after GC invocations=26 (full 0):
 garbage-first heap   total 110592K, used 40321K [0x0000000701e00000, 0x0000000800000000)
  region size 2048K, 4 young (8192K), 4 survivors (8192K)
 Metaspace       used 73049K, capacity 73578K, committed 73804K, reserved 1114112K
  class space    used 9103K, capacity 9261K, committed 9344K, reserved 1048576K
}
Event: 18.812 GC heap before
{Heap before GC invocations=26 (full 0):
 garbage-first heap   total 110592K, used 87425K [0x0000000701e00000, 0x0000000800000000)
  region size 2048K, 27 young (55296K), 4 survivors (8192K)
 Metaspace       used 73718K, capacity 74243K, committed 74316K, reserved 1114112K
  class space    used 9170K, capacity 9329K, committed 9344K, reserved 1048576K
}
Event: 18.826 GC heap after
{Heap after GC invocations=27 (full 0):
 garbage-first heap   total 133120K, used 44322K [0x0000000701e00000, 0x0000000800000000)
  region size 2048K, 4 young (8192K), 4 survivors (8192K)
 Metaspace       used 73718K, capacity 74243K, committed 74316K, reserved 1114112K
  class space    used 9170K, capacity 9329K, committed 9344K, reserved 1048576K
}
Event: 19.936 GC heap before
{Heap before GC invocations=27 (full 0):
 garbage-first heap   total 133120K, used 105762K [0x0000000701e00000, 0x0000000800000000)
  region size 2048K, 34 young (69632K), 4 survivors (8192K)
 Metaspace       used 79696K, capacity 80307K, committed 80460K, reserved 1120256K
  class space    used 10068K, capacity 10254K, committed 10368K, reserved 1048576K
}
Event: 19.953 GC heap after
{Heap after GC invocations=28 (full 0):
 garbage-first heap   total 133120K, used 47806K [0x0000000701e00000, 0x0000000800000000)
  region size 2048K, 4 young (8192K), 4 survivors (8192K)
 Metaspace       used 79696K, capacity 80307K, committed 80460K, reserved 1120256K
  class space    used 10068K, capacity 10254K, committed 10368K, reserved 1048576K
}
Event: 21.159 GC heap before
{Heap before GC invocations=28 (full 0):
 garbage-first heap   total 133120K, used 105150K [0x0000000701e00000, 0x0000000800000000)
  region size 2048K, 32 young (65536K), 4 survivors (8192K)
 Metaspace       used 84122K, capacity 84792K, committed 85068K, reserved 1124352K
  class space    used 10669K, capacity 10846K, committed 10880K, reserved 1048576K
}
Event: 21.172 GC heap after
{Heap after GC invocations=29 (full 0):
 garbage-first heap   total 133120K, used 48249K [0x0000000701e00000, 0x0000000800000000)
  region size 2048K, 3 young (6144K), 3 survivors (6144K)
 Metaspace       used 84122K, capacity 84792K, committed 85068K, reserved 1124352K
  class space    used 10669K, capacity 10846K, committed 10880K, reserved 1048576K
}

