# JRE version: OpenJDK Runtime Environment (15.0.1+9) (build 15.0.1+9-18)
# Java VM: OpenJDK 64-Bit Server VM (15.0.1+9-18, mixed mode, tiered, compressed oops, g1 gc, windows-amd64)
GC Precious Log:
 CPUs: 8 total, 8 available
 Memory: 16260M
 Large Page Support: Disabled
 NUMA Support: Disabled
 Compressed Oops: Enabled (Zero based)
 Heap Region Size: 2M
 Heap Min Capacity: 8M
 Heap Initial Capacity: 256M
 Heap Max Capacity: 4066M
 Pre-touch: Disabled
 Parallel Workers: 8
 Concurrent Workers: 2
 Concurrent Refinement Workers: 8
 Periodic GC: Disabled
Heap:
 garbage-first heap   total 141312K, used 81549K [0x0000000701e00000, 0x0000000800000000)
  region size 2048K, 22 young (45056K), 4 survivors (8192K)
 Metaspace       used 85831K, capacity 86528K, committed 86732K, reserved 1124352K
  class space    used 10934K, capacity 11143K, committed 11264K, reserved 1048576K
GC Heap History (20 events):
Event: 7.083 GC heap before
{Heap before GC invocations=17 (full 0):
 garbage-first heap   total 159744K, used 109249K [0x0000000701e00000, 0x0000000800000000)
  region size 2048K, 46 young (94208K), 2 survivors (4096K)
 Metaspace       used 43367K, capacity 43783K, committed 44032K, reserved 1087488K
  class space    used 4962K, capacity 5094K, committed 5120K, reserved 1048576K
}
Event: 7.088 GC heap after
{Heap after GC invocations=18 (full 0):
 garbage-first heap   total 159744K, used 21928K [0x0000000701e00000, 0x0000000800000000)
  region size 2048K, 3 young (6144K), 3 survivors (6144K)
 Metaspace       used 43367K, capacity 43783K, committed 44032K, reserved 1087488K
  class space    used 4962K, capacity 5094K, committed 5120K, reserved 1048576K
}
Event: 8.369 GC heap before
{Heap before GC invocations=18 (full 0):
 garbage-first heap   total 159744K, used 109992K [0x0000000701e00000, 0x0000000800000000)
  region size 2048K, 46 young (94208K), 3 survivors (6144K)
 Metaspace       used 50958K, capacity 51378K, committed 51712K, reserved 1095680K
  class space    used 5907K, capacity 6054K, committed 6144K, reserved 1048576K
}
Event: 8.379 GC heap after
{Heap after GC invocations=19 (full 0):
 garbage-first heap   total 159744K, used 25684K [0x0000000701e00000, 0x0000000800000000)
  region size 2048K, 5 young (10240K), 5 survivors (10240K)
 Metaspace       used 50958K, capacity 51378K, committed 51712K, reserved 1095680K
  class space    used 5907K, capacity 6054K, committed 6144K, reserved 1048576K
}
Event: 9.421 GC heap before
{Heap before GC invocations=19 (full 0):
 garbage-first heap   total 159744K, used 109652K [0x0000000701e00000, 0x0000000800000000)
  region size 2048K, 46 young (94208K), 5 survivors (10240K)
 Metaspace       used 58888K, capacity 59332K, committed 59520K, reserved 1101824K
  class space    used 7094K, capacity 7274K, committed 7296K, reserved 1048576K
}
Event: 9.431 GC heap after
{Heap after GC invocations=20 (full 0):
 garbage-first heap   total 159744K, used 28203K [0x0000000701e00000, 0x0000000800000000)
  region size 2048K, 4 young (8192K), 4 survivors (8192K)
 Metaspace       used 58888K, capacity 59332K, committed 59520K, reserved 1101824K
  class space    used 7094K, capacity 7274K, committed 7296K, reserved 1048576K
}
Event: 9.496 GC heap before
{Heap before GC invocations=20 (full 0):
 garbage-first heap   total 159744K, used 36395K [0x0000000701e00000, 0x0000000800000000)
  region size 2048K, 9 young (18432K), 4 survivors (8192K)
 Metaspace       used 59585K, capacity 60036K, committed 60160K, reserved 1101824K
  class space    used 7244K, capacity 7402K, committed 7424K, reserved 1048576K
}
Event: 9.501 GC heap after
{Heap after GC invocations=21 (full 0):
 garbage-first heap   total 192512K, used 28073K [0x0000000701e00000, 0x0000000800000000)
  region size 2048K, 4 young (8192K), 4 survivors (8192K)
 Metaspace       used 59585K, capacity 60036K, committed 60160K, reserved 1101824K
  class space    used 7244K, capacity 7402K, committed 7424K, reserved 1048576K
}
Event: 10.116 GC heap before
{Heap before GC invocations=22 (full 0):
 garbage-first heap   total 116736K, used 89513K [0x0000000701e00000, 0x0000000800000000)
  region size 2048K, 34 young (69632K), 4 survivors (8192K)
 Metaspace       used 64649K, capacity 65064K, committed 65228K, reserved 1105920K
  class space    used 7970K, capacity 8115K, committed 8192K, reserved 1048576K
}
Event: 10.124 GC heap after
{Heap after GC invocations=23 (full 0):
 garbage-first heap   total 116736K, used 30220K [0x0000000701e00000, 0x0000000800000000)
  region size 2048K, 3 young (6144K), 3 survivors (6144K)
 Metaspace       used 64649K, capacity 65064K, committed 65228K, reserved 1105920K
  class space    used 7970K, capacity 8115K, committed 8192K, reserved 1048576K
}
Event: 11.093 GC heap before
{Heap before GC invocations=23 (full 0):
 garbage-first heap   total 116736K, used 93708K [0x0000000701e00000, 0x0000000800000000)
  region size 2048K, 34 young (69632K), 3 survivors (6144K)
 Metaspace       used 67980K, capacity 68485K, committed 68812K, reserved 1110016K
  class space    used 8413K, capacity 8612K, committed 8704K, reserved 1048576K
}
Event: 11.102 GC heap after
{Heap after GC invocations=24 (full 0):
 garbage-first heap   total 116736K, used 33242K [0x0000000701e00000, 0x0000000800000000)
  region size 2048K, 4 young (8192K), 4 survivors (8192K)
 Metaspace       used 67980K, capacity 68485K, committed 68812K, reserved 1110016K
  class space    used 8413K, capacity 8612K, committed 8704K, reserved 1048576K
}
Event: 12.081 GC heap before
{Heap before GC invocations=24 (full 0):
 garbage-first heap   total 116736K, used 92634K [0x0000000701e00000, 0x0000000800000000)
  region size 2048K, 33 young (67584K), 4 survivors (8192K)
 Metaspace       used 70603K, capacity 71092K, committed 71244K, reserved 1112064K
  class space    used 8789K, capacity 8969K, committed 9088K, reserved 1048576K
}
Event: 12.093 GC heap after
{Heap after GC invocations=25 (full 0):
 garbage-first heap   total 116736K, used 37679K [0x0000000701e00000, 0x0000000800000000)
  region size 2048K, 4 young (8192K), 4 survivors (8192K)
 Metaspace       used 70603K, capacity 71092K, committed 71244K, reserved 1112064K
  class space    used 8789K, capacity 8969K, committed 9088K, reserved 1048576K
}
Event: 12.881 GC heap before
{Heap before GC invocations=25 (full 0):
 garbage-first heap   total 116736K, used 92975K [0x0000000701e00000, 0x0000000800000000)
  region size 2048K, 31 young (63488K), 4 survivors (8192K)
 Metaspace       used 73417K, capacity 73917K, committed 74060K, reserved 1114112K
  class space    used 9140K, capacity 9328K, committed 9344K, reserved 1048576K
}
Event: 12.893 GC heap after
{Heap after GC invocations=26 (full 0):
 garbage-first heap   total 141312K, used 41671K [0x0000000701e00000, 0x0000000800000000)
  region size 2048K, 2 young (4096K), 2 survivors (4096K)
 Metaspace       used 73417K, capacity 73917K, committed 74060K, reserved 1114112K
  class space    used 9140K, capacity 9328K, committed 9344K, reserved 1048576K
}
Event: 14.056 GC heap before
{Heap before GC invocations=26 (full 0):
 garbage-first heap   total 141312K, used 113351K [0x0000000701e00000, 0x0000000800000000)
  region size 2048K, 37 young (75776K), 2 survivors (4096K)
 Metaspace       used 77256K, capacity 77779K, committed 78028K, reserved 1118208K
  class space    used 9736K, capacity 9950K, committed 9984K, reserved 1048576K
}
Event: 14.070 GC heap after
{Heap after GC invocations=27 (full 0):
 garbage-first heap   total 141312K, used 45247K [0x0000000701e00000, 0x0000000800000000)
  region size 2048K, 4 young (8192K), 4 survivors (8192K)
 Metaspace       used 77256K, capacity 77779K, committed 78028K, reserved 1118208K
  class space    used 9736K, capacity 9950K, committed 9984K, reserved 1048576K
}
Event: 15.054 GC heap before
{Heap before GC invocations=27 (full 0):
 garbage-first heap   total 141312K, used 112831K [0x0000000701e00000, 0x0000000800000000)
  region size 2048K, 37 young (75776K), 4 survivors (8192K)
 Metaspace       used 83610K, capacity 84189K, committed 84300K, reserved 1122304K
  class space    used 10590K, capacity 10777K, committed 10880K, reserved 1048576K
}
Event: 15.065 GC heap after
{Heap after GC invocations=28 (full 0):
 garbage-first heap   total 141312K, used 46733K [0x0000000701e00000, 0x0000000800000000)
  region size 2048K, 4 young (8192K), 4 survivors (8192K)
 Metaspace       used 83610K, capacity 84189K, committed 84300K, reserved 1122304K
  class space    used 10590K, capacity 10777K, committed 10880K, reserved 1048576K
}

